INFO:root:TEST_REPORT_START_BUILDING 2022-08-14 18:51:43.173806
ERROR:root:name 'test_report' is not defined
Traceback (most recent call last):
  File "/Users/ilakozin/PycharmProjects/Beatport_top100_bot/main.py", line 76, in <module>
    test_report()
NameError: name 'test_report' is not defined
INFO:root:TEST_REPORT_START_BUILDING 2022-08-14 18:51:57.198045
ERROR:root:name 'test_report' is not defined
Traceback (most recent call last):
  File "/Users/ilakozin/PycharmProjects/Beatport_top100_bot/main.py", line 76, in <module>
    test_report()
NameError: name 'test_report' is not defined
INFO:root:TEST_REPORT_START_BUILDING 2022-08-14 18:53:44.967083
ERROR:root:name 'test_report' is not defined
Traceback (most recent call last):
  File "/Users/ilakozin/PycharmProjects/Beatport_top100_bot/main.py", line 76, in <module>
    test_report()
NameError: name 'test_report' is not defined
INFO:root:TEST_REPORT_START_BUILDING 2022-08-14 18:55:38.445147
ERROR:root:name 'test_report' is not defined
Traceback (most recent call last):
  File "/Users/ilakozin/PycharmProjects/Beatport_top100_bot/main.py", line 76, in <module>
    test_report()
NameError: name 'test_report' is not defined
INFO:root:TEST_REPORT_START_BUILDING 2022-08-14 18:56:00.293930
ERROR:root:name 'test_report' is not defined
Traceback (most recent call last):
  File "/Users/ilakozin/PycharmProjects/Beatport_top100_bot/main.py", line 76, in <module>
    test_report()
NameError: name 'test_report' is not defined
INFO:root:TEST_REPORT_START_BUILDING 2022-08-14 18:56:26.431444
ERROR:root:name 'test_report' is not defined
Traceback (most recent call last):
  File "/Users/ilakozin/PycharmProjects/Beatport_top100_bot/main.py", line 76, in <module>
    test_report()
NameError: name 'test_report' is not defined
INFO:root:TEST_REPORT_START_BUILDING 2022-08-14 19:00:41.356425
ERROR:root:name 'test_report' is not defined
Traceback (most recent call last):
  File "/Users/ilakozin/PycharmProjects/Beatport_top100_bot/main.py", line 76, in <module>
    test_report()
NameError: name 'test_report' is not defined
INFO:root:TEST_REPORT_START_BUILDING 2022-08-14 19:02:29.305939
INFO:root:TEST_REPORT_SENT
